INFO 11/04/2022 17:50:43 - ID:401633059, –ê—Ä—Ç—ë–º(p_arti_a), –Ω–∞–ø–∏—Å–∞–ª: ‚óÄÔ∏è –ù–∞–∑–∞–¥
INFO 11/04/2022 17:50:43 - ID:401633059, –ê—Ä—Ç—ë–º(p_arti_a), –∏—Å–ø. –∫–æ–º–∞–Ω–¥—É: ‚óÄÔ∏è –ù–∞–∑–∞–¥
INFO 11/04/2022 17:50:50 - ID:401633059, –ê—Ä—Ç—ë–º(p_arti_a), –Ω–∞–ø–∏—Å–∞–ª: –°–∞–º–æ–¥–µ–ª—å–Ω–æ–µ –∫–∞–∑–∏–Ω–æ!
INFO 11/04/2022 17:51:37 - ID:401633059, –ê—Ä—Ç—ë–º(p_arti_a), –Ω–∞–ø–∏—Å–∞–ª: ‚óÄÔ∏è –ù–∞–∑–∞–¥
INFO 11/04/2022 17:51:37 - ID:401633059, –ê—Ä—Ç—ë–º(p_arti_a), –∏—Å–ø. –∫–æ–º–∞–Ω–¥—É: ‚óÄÔ∏è –ù–∞–∑–∞–¥
INFO 11/04/2022 17:51:48 - ID:401633059, –ê—Ä—Ç—ë–º(p_arti_a), –Ω–∞–ø–∏—Å–∞–ª: –°–∞–º–æ–¥–µ–ª—å–Ω–æ–µ –∫–∞–∑–∏–Ω–æ!
INFO 11/04/2022 17:51:52 - ID:401633059, –ê—Ä—Ç—ë–º(p_arti_a), –Ω–∞–ø–∏—Å–∞–ª: ‚óÄÔ∏è –ù–∞–∑–∞–¥
INFO 11/04/2022 17:51:52 - ID:401633059, –ê—Ä—Ç—ë–º(p_arti_a), –∏—Å–ø. –∫–æ–º–∞–Ω–¥—É: ‚óÄÔ∏è –ù–∞–∑–∞–¥
INFO 11/04/2022 17:52:04 - ID:401633059, –ê—Ä—Ç—ë–º(p_arti_a), –∏—Å–ø. –∫–æ–º–∞–Ω–¥—É: /start
INFO 11/04/2022 17:52:07 - ID:401633059, –ê—Ä—Ç—ë–º(p_arti_a), –≤ –ö–∞–∑–∏–Ω–æ = 37
INFO 11/04/2022 17:52:08 - ID:401633059, –ê—Ä—Ç—ë–º(p_arti_a), –≤ –ö–æ—Å—Ç–∏ = 3
INFO 11/04/2022 17:52:15 - ID:401633059, –ê—Ä—Ç—ë–º(p_arti_a), –Ω–∞–ø–∏—Å–∞–ª: –°–∞–º–æ–¥–µ–ª—å–Ω–æ–µ –∫–∞–∑–∏–Ω–æ!
INFO 11/04/2022 17:52:17 - ID:401633059, –ê—Ä—Ç—ë–º(p_arti_a), –Ω–∞–ø–∏—Å–∞–ª: –í—Ö–æ–¥
INFO 11/04/2022 17:52:17 - ID:401633059, –ê—Ä—Ç—ë–º(p_arti_a), –≤—ã–≤–µ–ª –Ω–∞ —ç–∫—Ä–∞–Ω: –ê–≤—Ç–æ—Ä–∏–∑–∞—Ü–∏—è!
–í–≤–µ–¥–∏—Ç–µ –¥–∞–Ω–Ω—ã–µ.
–õ–æ–≥–∏–Ω;–ü–∞—Ä–æ–ª—å
INFO 11/04/2022 17:52:24 - ID:401633059, –ê—Ä—Ç—ë–º(p_arti_a), –Ω–∞–ø–∏—Å–∞–ª: partia;1234
INFO 11/04/2022 17:52:24 - ID:401633059, –ê—Ä—Ç—ë–º(p_arti_a), –≤—ã–≤–µ–ª –Ω–∞ —ç–∫—Ä–∞–Ω: –í—ã —É—Å–ø–µ—à–Ω–æ –∞–≤—Ç–æ—Ä–∏–∑–∏—Ä–æ–≤–∞–ª–∏—Å—å partia
INFO 11/04/2022 17:52:24 - ID:401633059, –ê—Ä—Ç—ë–º(p_arti_a), –≤—ã–≤–µ–ª –Ω–∞ —ç–∫—Ä–∞–Ω: 
–í –∫–∞–∫—É—é –∏–≥—Ä—É —Å—ã–≥—Ä–∞–µ–º?
1. –†–∞–Ω–¥–æ–ú–∏—Ç
2. –û–¥–Ω–æ—Ä—É–∫–∏–π –ë–∞–Ω–¥–∏—Ç
3. –†—É–ª–µ—Ç–∫–∞
INFO 11/04/2022 17:52:30 - ID:401633059, –ê—Ä—Ç—ë–º(p_arti_a), –Ω–∞–ø–∏—Å–∞–ª: üé± –†–∞–Ω–¥–æ–ú–∏—Ç
INFO 11/04/2022 17:52:30 - ID:401633059, –ê—Ä—Ç—ë–º(p_arti_a), –≤—ã–≤–µ–ª –Ω–∞ —ç–∫—Ä–∞–Ω: –ó–∞–ø—É—Å–∫–∞–µ–º –†–∞–Ω–¥–æ–ú–∏—Ç
INFO 11/04/2022 17:52:45 - ID:401633059, –ê—Ä—Ç—ë–º(p_arti_a), –≤—ã–≤–µ–ª –Ω–∞ —ç–∫—Ä–∞–Ω: –í—ã–ø–∞–ª–æ —á–∏—Å–ª–æ -11
–í—ã –ø—Ä–æ–∏–≥—Ä–∞–ª–∏: -11.0 ‚ùå
–¢–µ–ø–µ—Ä—å –≤–∞—à –±–∞–ª–∞–Ω—Å —Ä–∞–≤–µ–Ω: 175.9
INFO 11/04/2022 17:54:03 - ID:401633059, –ê—Ä—Ç—ë–º(p_arti_a), –Ω–∞–ø–∏—Å–∞–ª: ‚óÄÔ∏è –ù–∞–∑–∞–¥
INFO 11/04/2022 17:54:03 - ID:401633059, –ê—Ä—Ç—ë–º(p_arti_a), –∏—Å–ø. –∫–æ–º–∞–Ω–¥—É: ‚óÄÔ∏è –ù–∞–∑–∞–¥
INFO 11/04/2022 17:54:24 - ID:1012234996, Garra(GarraHT), –∏—Å–ø. –∫–æ–º–∞–Ω–¥—É: /start
INFO 11/04/2022 17:54:34 - ID:1012234996, Garra(GarraHT), –Ω–∞–ø–∏—Å–∞–ª: –°–∞–º–æ–¥–µ–ª—å–Ω–æ–µ –∫–∞–∑–∏–Ω–æ!
INFO 11/04/2022 17:54:38 - ID:1012234996, Garra(GarraHT), –Ω–∞–ø–∏—Å–∞–ª: –í—Ö–æ–¥
INFO 11/04/2022 17:54:38 - ID:1012234996, Garra(GarraHT), –≤—ã–≤–µ–ª –Ω–∞ —ç–∫—Ä–∞–Ω: –ê–≤—Ç–æ—Ä–∏–∑–∞—Ü–∏—è!
–í–≤–µ–¥–∏—Ç–µ –¥–∞–Ω–Ω—ã–µ.
–õ–æ–≥–∏–Ω;–ü–∞—Ä–æ–ª—å
INFO 11/04/2022 17:54:43 - ID:1012234996, Garra(GarraHT), –Ω–∞–ø–∏—Å–∞–ª: –õ–æ–ª –ª–æ–ª
INFO 11/04/2022 17:54:43 - ID:1012234996, Garra(GarraHT), –≤—ã–≤–µ–ª –Ω–∞ —ç–∫—Ä–∞–Ω: –í—ã –Ω–µ —É–∫–∞–∑–∞–ª–∏ —Ä–∞–∑–¥–µ–ª–∏—Ç–µ–ª—å!
INFO 11/04/2022 17:54:49 - ID:1012234996, Garra(GarraHT), –Ω–∞–ø–∏—Å–∞–ª: –õ–æ–ª;–ª–æ–ª
INFO 11/04/2022 17:54:49 - ID:1012234996, Garra(GarraHT), –≤—ã–≤–µ–ª –Ω–∞ —ç–∫—Ä–∞–Ω: –ù–µ–∫–æ—Ä—Ä–µ–∫—Ç–Ω—ã–µ –¥–∞–Ω–Ω—ã–µ, —É –≤–∞—Å –æ—Å—Ç–∞–ª–æ—Å—å 3 –ø–æ–ø—ã—Ç–æ–∫
–ü–æ–≤—Ç–æ—Ä–∏—Ç–µ –ø–æ–ø—ã—Ç–∫—É
–õ–æ–≥–∏–Ω;–ü–∞—Ä–æ–ª—å
INFO 11/04/2022 17:55:00 - ID:1012234996, Garra(GarraHT), –Ω–∞–ø–∏—Å–∞–ª: –õ–æ–ª;–ø–∏–¥—Ä
INFO 11/04/2022 17:55:00 - ID:1012234996, Garra(GarraHT), –≤—ã–≤–µ–ª –Ω–∞ —ç–∫—Ä–∞–Ω: –ù–µ–∫–æ—Ä—Ä–µ–∫—Ç–Ω—ã–µ –¥–∞–Ω–Ω—ã–µ, —É –≤–∞—Å –æ—Å—Ç–∞–ª–æ—Å—å 2 –ø–æ–ø—ã—Ç–æ–∫
–ü–æ–≤—Ç–æ—Ä–∏—Ç–µ –ø–æ–ø—ã—Ç–∫—É
–õ–æ–≥–∏–Ω;–ü–∞—Ä–æ–ª—å
INFO 11/04/2022 17:55:06 - ID:401633059, –ê—Ä—Ç—ë–º(p_arti_a), –Ω–∞–ø–∏—Å–∞–ª: –°–∞–º–æ–¥–µ–ª—å–Ω–æ–µ –∫–∞–∑–∏–Ω–æ!
INFO 11/04/2022 17:55:10 - ID:401633059, –ê—Ä—Ç—ë–º(p_arti_a), –Ω–∞–ø–∏—Å–∞–ª: –í—Ö–æ–¥
INFO 11/04/2022 17:55:10 - ID:401633059, –ê—Ä—Ç—ë–º(p_arti_a), –≤—ã–≤–µ–ª –Ω–∞ —ç–∫—Ä–∞–Ω: –ê–≤—Ç–æ—Ä–∏–∑–∞—Ü–∏—è!
–í–≤–µ–¥–∏—Ç–µ –¥–∞–Ω–Ω—ã–µ.
–õ–æ–≥–∏–Ω;–ü–∞—Ä–æ–ª—å
INFO 11/04/2022 17:55:13 - ID:1012234996, Garra(GarraHT), –Ω–∞–ø–∏—Å–∞–ª: –ü–ø—Ü;–æ—Ö—É–µ—Ç—å
INFO 11/04/2022 17:55:13 - ID:1012234996, Garra(GarraHT), –≤—ã–≤–µ–ª –Ω–∞ —ç–∫—Ä–∞–Ω: –ù–µ–∫–æ—Ä—Ä–µ–∫—Ç–Ω—ã–µ –¥–∞–Ω–Ω—ã–µ, —É –≤–∞—Å –æ—Å—Ç–∞–ª–æ—Å—å 1 –ø–æ–ø—ã—Ç–æ–∫
–ü–æ–≤—Ç–æ—Ä–∏—Ç–µ –ø–æ–ø—ã—Ç–∫—É
–õ–æ–≥–∏–Ω;–ü–∞—Ä–æ–ª—å
INFO 11/04/2022 17:55:19 - ID:401633059, –ê—Ä—Ç—ë–º(p_arti_a), –Ω–∞–ø–∏—Å–∞–ª: partia;1234
INFO 11/04/2022 17:55:19 - ID:401633059, –ê—Ä—Ç—ë–º(p_arti_a), –≤—ã–≤–µ–ª –Ω–∞ —ç–∫—Ä–∞–Ω: –í—ã –Ω–µ —Å–º–æ–≥–ª–∏ –≤–æ–π—Ç–∏!
INFO 11/04/2022 17:55:21 - ID:1012234996, Garra(GarraHT), –Ω–∞–ø–∏—Å–∞–ª: –ú–Ω–µ;–ø–æ—Ö—É–π
INFO 11/04/2022 17:55:21 - ID:1012234996, Garra(GarraHT), –≤—ã–≤–µ–ª –Ω–∞ —ç–∫—Ä–∞–Ω: –í—ã –Ω–µ —Å–º–æ–≥–ª–∏ –≤–æ–π—Ç–∏!
INFO 11/04/2022 17:57:54 - ID:1012234996, Garra(GarraHT), –∏—Å–ø. –∫–æ–º–∞–Ω–¥—É: /start
INFO 11/04/2022 17:57:57 - ID:1012234996, Garra(GarraHT), –Ω–∞–ø–∏—Å–∞–ª: –°–∞–º–æ–¥–µ–ª—å–Ω–æ–µ –∫–∞–∑–∏–Ω–æ!
INFO 11/04/2022 17:58:00 - ID:1012234996, Garra(GarraHT), –Ω–∞–ø–∏—Å–∞–ª: –í—Ö–æ–¥
INFO 11/04/2022 17:58:00 - ID:1012234996, Garra(GarraHT), –≤—ã–≤–µ–ª –Ω–∞ —ç–∫—Ä–∞–Ω: –ê–≤—Ç–æ—Ä–∏–∑–∞—Ü–∏—è!
–í–≤–µ–¥–∏—Ç–µ –¥–∞–Ω–Ω—ã–µ.
–õ–æ–≥–∏–Ω;–ü–∞—Ä–æ–ª—å
INFO 11/04/2022 17:58:04 - ID:1012234996, Garra(GarraHT), –Ω–∞–ø–∏—Å–∞–ª: –õ–æ–ª;–ª–æ–ª
INFO 11/04/2022 17:58:54 - ID:1012234996, Garra(GarraHT), –Ω–∞–ø–∏—Å–∞–ª: –õ–æ–ª;–ª–æ–ª
INFO 11/04/2022 17:58:54 - ID:1012234996, Garra(GarraHT), –≤—ã–≤–µ–ª –Ω–∞ —ç–∫—Ä–∞–Ω: –í—ã –µ—â—ë –Ω–µ –∞–≤—Ç–æ—Ä–∏–∑–∏—Ä–æ–≤–∞–ª–∏—Å—å!
INFO 11/04/2022 17:59:07 - ID:1012234996, Garra(GarraHT), –Ω–∞–ø–∏—Å–∞–ª: –ö–µ–∫—Ä–µ–ª;–∫–µ–∫—Ä–µ–ª
INFO 11/04/2022 17:59:07 - ID:1012234996, Garra(GarraHT), –≤—ã–≤–µ–ª –Ω–∞ —ç–∫—Ä–∞–Ω: –í—ã –µ—â—ë –Ω–µ –∞–≤—Ç–æ—Ä–∏–∑–∏—Ä–æ–≤–∞–ª–∏—Å—å!
INFO 11/04/2022 17:59:28 - ID:1012234996, Garra(GarraHT), –Ω–∞–ø–∏—Å–∞–ª: –í—Ö–æ–¥
INFO 11/04/2022 17:59:28 - ID:1012234996, Garra(GarraHT), –≤—ã–≤–µ–ª –Ω–∞ —ç–∫—Ä–∞–Ω: –ê–≤—Ç–æ—Ä–∏–∑–∞—Ü–∏—è!
–í–≤–µ–¥–∏—Ç–µ –¥–∞–Ω–Ω—ã–µ.
–õ–æ–≥–∏–Ω;–ü–∞—Ä–æ–ª—å
INFO 11/04/2022 17:59:35 - ID:1012234996, Garra(GarraHT), –Ω–∞–ø–∏—Å–∞–ª: –ö–µ–∫—Ä–µ–ª;–∫–µ–∫—Ä–µ–ª
INFO 11/04/2022 17:59:35 - ID:1012234996, Garra(GarraHT), –≤—ã–≤–µ–ª –Ω–∞ —ç–∫—Ä–∞–Ω: –í—ã —É—Å–ø–µ—à–Ω–æ –∞–≤—Ç–æ—Ä–∏–∑–∏—Ä–æ–≤–∞–ª–∏—Å—å –ö–µ–∫—Ä–µ–ª
INFO 11/04/2022 17:59:35 - ID:1012234996, Garra(GarraHT), –≤—ã–≤–µ–ª –Ω–∞ —ç–∫—Ä–∞–Ω: 
–í –∫–∞–∫—É—é –∏–≥—Ä—É —Å—ã–≥—Ä–∞–µ–º?
1. –†–∞–Ω–¥–æ–ú–∏—Ç
2. –û–¥–Ω–æ—Ä—É–∫–∏–π –ë–∞–Ω–¥–∏—Ç
3. –†—É–ª–µ—Ç–∫–∞
INFO 11/04/2022 17:59:40 - ID:1012234996, Garra(GarraHT), –Ω–∞–ø–∏—Å–∞–ª: üé± –†–∞–Ω–¥–æ–ú–∏—Ç
INFO 11/04/2022 17:59:40 - ID:1012234996, Garra(GarraHT), –≤—ã–≤–µ–ª –Ω–∞ —ç–∫—Ä–∞–Ω: –ó–∞–ø—É—Å–∫–∞–µ–º –†–∞–Ω–¥–æ–ú–∏—Ç
INFO 11/04/2022 17:59:44 - ID:1012234996, Garra(GarraHT), –≤—ã–≤–µ–ª –Ω–∞ —ç–∫—Ä–∞–Ω: –í—ã–ø–∞–ª–æ —á–∏—Å–ª–æ -10
–í—ã –ø—Ä–æ–∏–≥—Ä–∞–ª–∏: -1.0 ‚ùå
–¢–µ–ø–µ—Ä—å –≤–∞—à –±–∞–ª–∞–Ω—Å —Ä–∞–≤–µ–Ω: 99.4
INFO 11/04/2022 18:00:04 - ID:401633059, –ê—Ä—Ç—ë–º(p_arti_a), –Ω–∞–ø–∏—Å–∞–ª: –í—Ö–æ–¥
INFO 11/04/2022 18:00:04 - ID:401633059, –ê—Ä—Ç—ë–º(p_arti_a), –≤—ã–≤–µ–ª –Ω–∞ —ç–∫—Ä–∞–Ω: –ê–≤—Ç–æ—Ä–∏–∑–∞—Ü–∏—è!
–í–≤–µ–¥–∏—Ç–µ –¥–∞–Ω–Ω—ã–µ.
–õ–æ–≥–∏–Ω;–ü–∞—Ä–æ–ª—å
INFO 11/04/2022 18:00:16 - ID:401633059, –ê—Ä—Ç—ë–º(p_arti_a), –Ω–∞–ø–∏—Å–∞–ª: partia;1234
INFO 11/04/2022 18:00:16 - ID:401633059, –ê—Ä—Ç—ë–º(p_arti_a), –≤—ã–≤–µ–ª –Ω–∞ —ç–∫—Ä–∞–Ω: –í—ã —É—Å–ø–µ—à–Ω–æ –∞–≤—Ç–æ—Ä–∏–∑–∏—Ä–æ–≤–∞–ª–∏—Å—å partia
INFO 11/04/2022 18:00:16 - ID:401633059, –ê—Ä—Ç—ë–º(p_arti_a), –≤—ã–≤–µ–ª –Ω–∞ —ç–∫—Ä–∞–Ω: 
–í –∫–∞–∫—É—é –∏–≥—Ä—É —Å—ã–≥—Ä–∞–µ–º?
1. –†–∞–Ω–¥–æ–ú–∏—Ç
2. –û–¥–Ω–æ—Ä—É–∫–∏–π –ë–∞–Ω–¥–∏—Ç
3. –†—É–ª–µ—Ç–∫–∞
INFO 11/04/2022 18:00:20 - ID:401633059, –ê—Ä—Ç—ë–º(p_arti_a), –Ω–∞–ø–∏—Å–∞–ª: üé± –†–∞–Ω–¥–æ–ú–∏—Ç
INFO 11/04/2022 18:00:20 - ID:401633059, –ê—Ä—Ç—ë–º(p_arti_a), –≤—ã–≤–µ–ª –Ω–∞ —ç–∫—Ä–∞–Ω: –ó–∞–ø—É—Å–∫–∞–µ–º –†–∞–Ω–¥–æ–ú–∏—Ç
INFO 11/04/2022 18:00:22 - ID:401633059, –ê—Ä—Ç—ë–º(p_arti_a), –≤—ã–≤–µ–ª –Ω–∞ —ç–∫—Ä–∞–Ω: –í—ã–ø–∞–ª–æ —á–∏—Å–ª–æ 2
–í—ã –≤—ã–π–≥—Ä–∞–ª–∏: 0.0 ‚úÖ
–¢–µ–ø–µ—Ä—å –≤–∞—à –±–∞–ª–∞–Ω—Å —Ä–∞–≤–µ–Ω: 149.9
INFO 11/04/2022 18:01:10 - ID:401633059, –ê—Ä—Ç—ë–º(p_arti_a), –Ω–∞–ø–∏—Å–∞–ª: üé± –†–∞–Ω–¥–æ–ú–∏—Ç
INFO 11/04/2022 18:01:10 - ID:401633059, –ê—Ä—Ç—ë–º(p_arti_a), –≤—ã–≤–µ–ª –Ω–∞ —ç–∫—Ä–∞–Ω: –ó–∞–ø—É—Å–∫–∞–µ–º –†–∞–Ω–¥–æ–ú–∏—Ç
INFO 11/04/2022 18:01:15 - ID:401633059, –ê—Ä—Ç—ë–º(p_arti_a), –≤—ã–≤–µ–ª –Ω–∞ —ç–∫—Ä–∞–Ω: –í—ã–ø–∞–ª–æ —á–∏—Å–ª–æ 6
–í—ã –≤—ã–π–≥—Ä–∞–ª–∏: 6.0 ‚úÖ
–¢–µ–ø–µ—Ä—å –≤–∞—à –±–∞–ª–∞–Ω—Å —Ä–∞–≤–µ–Ω: 114.9
INFO 11/04/2022 18:03:39 - ID:401633059, –ê—Ä—Ç—ë–º(p_arti_a), –∏—Å–ø. –∫–æ–º–∞–Ω–¥—É: /start
INFO 11/04/2022 18:03:41 - ID:401633059, –ê—Ä—Ç—ë–º(p_arti_a), –Ω–∞–ø–∏—Å–∞–ª: –°–∞–º–æ–¥–µ–ª—å–Ω–æ–µ –∫–∞–∑–∏–Ω–æ!
INFO 11/04/2022 18:03:50 - ID:1012234996, Garra(GarraHT), –∏—Å–ø. –∫–æ–º–∞–Ω–¥—É: /start
INFO 11/04/2022 18:03:58 - ID:1012234996, Garra(GarraHT), –∏—Å–ø. –∫–æ–º–∞–Ω–¥—É: /start
INFO 11/04/2022 18:04:03 - ID:401633059, –ê—Ä—Ç—ë–º(p_arti_a), –Ω–∞–ø–∏—Å–∞–ª: –í—Ö–æ–¥
INFO 11/04/2022 18:04:03 - ID:401633059, –ê—Ä—Ç—ë–º(p_arti_a), –≤—ã–≤–µ–ª –Ω–∞ —ç–∫—Ä–∞–Ω: –ê–≤—Ç–æ—Ä–∏–∑–∞—Ü–∏—è!
–í–≤–µ–¥–∏—Ç–µ –¥–∞–Ω–Ω—ã–µ.
–õ–æ–≥–∏–Ω;–ü–∞—Ä–æ–ª—å
INFO 11/04/2022 18:04:15 - ID:1012234996, Garra(GarraHT), –∏—Å–ø. –∫–æ–º–∞–Ω–¥—É: /start
INFO 11/04/2022 18:04:19 - ID:1012234996, Garra(GarraHT), –Ω–∞–ø–∏—Å–∞–ª: –°–∞–º–æ–¥–µ–ª—å–Ω–æ–µ –∫–∞–∑–∏–Ω–æ!
INFO 11/04/2022 18:04:20 - ID:1012234996, Garra(GarraHT), –Ω–∞–ø–∏—Å–∞–ª: –í—Ö–æ–¥
INFO 11/04/2022 18:04:20 - ID:1012234996, Garra(GarraHT), –≤—ã–≤–µ–ª –Ω–∞ —ç–∫—Ä–∞–Ω: –ê–≤—Ç–æ—Ä–∏–∑–∞—Ü–∏—è!
–í–≤–µ–¥–∏—Ç–µ –¥–∞–Ω–Ω—ã–µ.
–õ–æ–≥–∏–Ω;–ü–∞—Ä–æ–ª—å
INFO 11/04/2022 18:04:28 - ID:1012234996, Garra(GarraHT), –Ω–∞–ø–∏—Å–∞–ª: –ö–µ–∫—Ä–µ–ª;–∫–µ–∫—Ä–µ–ª
INFO 11/04/2022 18:04:28 - ID:1012234996, Garra(GarraHT), –≤—ã–≤–µ–ª –Ω–∞ —ç–∫—Ä–∞–Ω: –í—ã —É—Å–ø–µ—à–Ω–æ –∞–≤—Ç–æ—Ä–∏–∑–∏—Ä–æ–≤–∞–ª–∏—Å—å –ö–µ–∫—Ä–µ–ª
INFO 11/04/2022 18:04:28 - ID:401633059, –ê—Ä—Ç—ë–º(p_arti_a), –Ω–∞–ø–∏—Å–∞–ª: partia;1234
INFO 11/04/2022 18:04:28 - ID:401633059, –ê—Ä—Ç—ë–º(p_arti_a), –≤—ã–≤–µ–ª –Ω–∞ —ç–∫—Ä–∞–Ω: –í—ã —É—Å–ø–µ—à–Ω–æ –∞–≤—Ç–æ—Ä–∏–∑–∏—Ä–æ–≤–∞–ª–∏—Å—å partia
INFO 11/04/2022 18:04:28 - ID:401633059, –ê—Ä—Ç—ë–º(p_arti_a), –≤—ã–≤–µ–ª –Ω–∞ —ç–∫—Ä–∞–Ω: 
–í –∫–∞–∫—É—é –∏–≥—Ä—É —Å—ã–≥—Ä–∞–µ–º?
1. –†–∞–Ω–¥–æ–ú–∏—Ç
2. –û–¥–Ω–æ—Ä—É–∫–∏–π –ë–∞–Ω–¥–∏—Ç
3. –†—É–ª–µ—Ç–∫–∞
INFO 11/04/2022 18:04:28 - ID:1012234996, Garra(GarraHT), –≤—ã–≤–µ–ª –Ω–∞ —ç–∫—Ä–∞–Ω: 
–í –∫–∞–∫—É—é –∏–≥—Ä—É —Å—ã–≥—Ä–∞–µ–º?
1. –†–∞–Ω–¥–æ–ú–∏—Ç
2. –û–¥–Ω–æ—Ä—É–∫–∏–π –ë–∞–Ω–¥–∏—Ç
3. –†—É–ª–µ—Ç–∫–∞
INFO 11/04/2022 18:04:30 - ID:401633059, –ê—Ä—Ç—ë–º(p_arti_a), –Ω–∞–ø–∏—Å–∞–ª: üé± –†–∞–Ω–¥–æ–ú–∏—Ç
INFO 11/04/2022 18:04:30 - ID:401633059, –ê—Ä—Ç—ë–º(p_arti_a), –≤—ã–≤–µ–ª –Ω–∞ —ç–∫—Ä–∞–Ω: –ó–∞–ø—É—Å–∫–∞–µ–º –†–∞–Ω–¥–æ–ú–∏—Ç
INFO 11/04/2022 18:04:31 - ID:1012234996, Garra(GarraHT), –Ω–∞–ø–∏—Å–∞–ª: üé± –†–∞–Ω–¥–æ–ú–∏—Ç
INFO 11/04/2022 18:04:31 - ID:1012234996, Garra(GarraHT), –≤—ã–≤–µ–ª –Ω–∞ —ç–∫—Ä–∞–Ω: –ó–∞–ø—É—Å–∫–∞–µ–º –†–∞–Ω–¥–æ–ú–∏—Ç
ERROR 11/04/2022 18:04:31 - Threaded polling exception: A request to the Telegram API was unsuccessful. Error code: 400. Description: Bad Request: message to edit not found
ERROR 11/04/2022 18:04:31 - Exception traceback:
Traceback (most recent call last):
  File "e:\Python\Telegram_bot\Casino_telegram.py", line 252, in bet_check
    if databot.last_bet_mes.text != databot.bet_mes.text:
AttributeError: 'NoneType' object has no attribute 'text'

During handling of the above exception, another exception occurred:

Traceback (most recent call last):
  File "C:\Users\Artem\AppData\Local\Programs\Python\Python310\lib\site-packages\telebot\__init__.py", line 1078, in __threaded_polling
    self.worker_pool.raise_exceptions()
  File "C:\Users\Artem\AppData\Local\Programs\Python\Python310\lib\site-packages\telebot\util.py", line 154, in raise_exceptions
    raise self.exception_info
  File "C:\Users\Artem\AppData\Local\Programs\Python\Python310\lib\site-packages\telebot\util.py", line 98, in run
    task(*args, **kwargs)
  File "e:\Python\Telegram_bot\Casino_telegram.py", line 153, in messaged
    bet_check(message)
  File "e:\Python\Telegram_bot\Casino_telegram.py", line 256, in bet_check
    databot.last_mes = bot.edit_message_text(chat_id = user.id, message_id = databot.mes_now.message_id, reply_markup=markup, text=f'–ö–ê-–ó–ò-–ù–û! –†–∞–Ω–¥–æ–ú–∏—Ç. –í–∞—à–∞ —Å—Ç–∞–≤–∫–∞ —Ä–∞–≤–Ω–∞ = {databot.bet}')
  File "C:\Users\Artem\AppData\Local\Programs\Python\Python310\lib\site-packages\telebot\__init__.py", line 3567, in edit_message_text
    result = apihelper.edit_message_text(self.token, text, chat_id, message_id, inline_message_id, parse_mode,
  File "C:\Users\Artem\AppData\Local\Programs\Python\Python310\lib\site-packages\telebot\apihelper.py", line 1253, in edit_message_text
    return _make_request(token, method_url, params=payload, method='post')
  File "C:\Users\Artem\AppData\Local\Programs\Python\Python310\lib\site-packages\telebot\apihelper.py", line 162, in _make_request
    json_result = _check_result(method_name, result)
  File "C:\Users\Artem\AppData\Local\Programs\Python\Python310\lib\site-packages\telebot\apihelper.py", line 189, in _check_result
    raise ApiTelegramException(method_name, result, result_json)
telebot.apihelper.ApiTelegramException: A request to the Telegram API was unsuccessful. Error code: 400. Description: Bad Request: message to edit not found

INFO 11/04/2022 18:04:38 - ID:1012234996, Garra(GarraHT), –Ω–∞–ø–∏—Å–∞–ª: üé± –†–∞–Ω–¥–æ–ú–∏—Ç
INFO 11/04/2022 18:04:38 - ID:1012234996, Garra(GarraHT), –≤—ã–≤–µ–ª –Ω–∞ —ç–∫—Ä–∞–Ω: –ó–∞–ø—É—Å–∫–∞–µ–º –†–∞–Ω–¥–æ–ú–∏—Ç
ERROR 11/04/2022 18:04:38 - Threaded polling exception: A request to the Telegram API was unsuccessful. Error code: 400. Description: Bad Request: message to edit not found
ERROR 11/04/2022 18:04:38 - Exception traceback:
Traceback (most recent call last):
  File "e:\Python\Telegram_bot\Casino_telegram.py", line 252, in bet_check
    if databot.last_bet_mes.text != databot.bet_mes.text:
AttributeError: 'NoneType' object has no attribute 'text'

During handling of the above exception, another exception occurred:

Traceback (most recent call last):
  File "C:\Users\Artem\AppData\Local\Programs\Python\Python310\lib\site-packages\telebot\__init__.py", line 1078, in __threaded_polling
    self.worker_pool.raise_exceptions()
  File "C:\Users\Artem\AppData\Local\Programs\Python\Python310\lib\site-packages\telebot\util.py", line 154, in raise_exceptions
    raise self.exception_info
  File "C:\Users\Artem\AppData\Local\Programs\Python\Python310\lib\site-packages\telebot\util.py", line 98, in run
    task(*args, **kwargs)
  File "C:\Users\Artem\AppData\Local\Programs\Python\Python310\lib\site-packages\telebot\__init__.py", line 6086, in _run_middlewares_and_handler
    result = handler['function'](message)
  File "e:\Python\Telegram_bot\Casino_telegram.py", line 153, in messaged
    bet_check(message)
  File "e:\Python\Telegram_bot\Casino_telegram.py", line 256, in bet_check
    databot.last_mes = bot.edit_message_text(chat_id = user.id, message_id = databot.mes_now.message_id, reply_markup=markup, text=f'–ö–ê-–ó–ò-–ù–û! –†–∞–Ω–¥–æ–ú–∏—Ç. –í–∞—à–∞ —Å—Ç–∞–≤–∫–∞ —Ä–∞–≤–Ω–∞ = {databot.bet}')
  File "C:\Users\Artem\AppData\Local\Programs\Python\Python310\lib\site-packages\telebot\__init__.py", line 3567, in edit_message_text
    result = apihelper.edit_message_text(self.token, text, chat_id, message_id, inline_message_id, parse_mode,
  File "C:\Users\Artem\AppData\Local\Programs\Python\Python310\lib\site-packages\telebot\apihelper.py", line 1253, in edit_message_text
    return _make_request(token, method_url, params=payload, method='post')
  File "C:\Users\Artem\AppData\Local\Programs\Python\Python310\lib\site-packages\telebot\apihelper.py", line 162, in _make_request
    json_result = _check_result(method_name, result)
  File "C:\Users\Artem\AppData\Local\Programs\Python\Python310\lib\site-packages\telebot\apihelper.py", line 189, in _check_result
    raise ApiTelegramException(method_name, result, result_json)
telebot.apihelper.ApiTelegramException: A request to the Telegram API was unsuccessful. Error code: 400. Description: Bad Request: message to edit not found

INFO 11/04/2022 18:05:01 - ID:1012234996, Garra(GarraHT), –Ω–∞–ø–∏—Å–∞–ª: üé± –†–∞–Ω–¥–æ–ú–∏—Ç
INFO 11/04/2022 18:05:01 - ID:1012234996, Garra(GarraHT), –≤—ã–≤–µ–ª –Ω–∞ —ç–∫—Ä–∞–Ω: –ó–∞–ø—É—Å–∫–∞–µ–º –†–∞–Ω–¥–æ–ú–∏—Ç
INFO 11/04/2022 18:05:01 - ID:401633059, –ê—Ä—Ç—ë–º(p_arti_a), –≤—ã–≤–µ–ª –Ω–∞ —ç–∫—Ä–∞–Ω: –í—ã–ø–∞–ª–æ —á–∏—Å–ª–æ 8
–í—ã –≤—ã–π–≥—Ä–∞–ª–∏: 0.0 ‚úÖ
–¢–µ–ø–µ—Ä—å –≤–∞—à –±–∞–ª–∞–Ω—Å —Ä–∞–≤–µ–Ω: 147.9
ERROR 11/04/2022 18:05:01 - Threaded polling exception: A request to the Telegram API was unsuccessful. Error code: 400. Description: Bad Request: message to edit not found
ERROR 11/04/2022 18:05:01 - Exception traceback:
Traceback (most recent call last):
  File "e:\Python\Telegram_bot\Casino_telegram.py", line 252, in bet_check
    if databot.last_bet_mes.text != databot.bet_mes.text:
AttributeError: 'NoneType' object has no attribute 'text'

During handling of the above exception, another exception occurred:

Traceback (most recent call last):
  File "C:\Users\Artem\AppData\Local\Programs\Python\Python310\lib\site-packages\telebot\__init__.py", line 1078, in __threaded_polling
    self.worker_pool.raise_exceptions()
  File "C:\Users\Artem\AppData\Local\Programs\Python\Python310\lib\site-packages\telebot\util.py", line 154, in raise_exceptions
    raise self.exception_info
  File "C:\Users\Artem\AppData\Local\Programs\Python\Python310\lib\site-packages\telebot\util.py", line 98, in run
    task(*args, **kwargs)
  File "C:\Users\Artem\AppData\Local\Programs\Python\Python310\lib\site-packages\telebot\__init__.py", line 6086, in _run_middlewares_and_handler
    result = handler['function'](message)
  File "e:\Python\Telegram_bot\Casino_telegram.py", line 153, in messaged
    bet_check(message)
  File "e:\Python\Telegram_bot\Casino_telegram.py", line 256, in bet_check
    databot.last_mes = bot.edit_message_text(chat_id = user.id, message_id = databot.mes_now.message_id, reply_markup=markup, text=f'–ö–ê-–ó–ò-–ù–û! –†–∞–Ω–¥–æ–ú–∏—Ç. –í–∞—à–∞ —Å—Ç–∞–≤–∫–∞ —Ä–∞–≤–Ω–∞ = {databot.bet}')
  File "C:\Users\Artem\AppData\Local\Programs\Python\Python310\lib\site-packages\telebot\__init__.py", line 3567, in edit_message_text
    result = apihelper.edit_message_text(self.token, text, chat_id, message_id, inline_message_id, parse_mode,
  File "C:\Users\Artem\AppData\Local\Programs\Python\Python310\lib\site-packages\telebot\apihelper.py", line 1253, in edit_message_text
    return _make_request(token, method_url, params=payload, method='post')
  File "C:\Users\Artem\AppData\Local\Programs\Python\Python310\lib\site-packages\telebot\apihelper.py", line 162, in _make_request
    json_result = _check_result(method_name, result)
  File "C:\Users\Artem\AppData\Local\Programs\Python\Python310\lib\site-packages\telebot\apihelper.py", line 189, in _check_result
    raise ApiTelegramException(method_name, result, result_json)
telebot.apihelper.ApiTelegramException: A request to the Telegram API was unsuccessful. Error code: 400. Description: Bad Request: message to edit not found

INFO 11/04/2022 18:07:22 - ID:401633059, –ê—Ä—Ç—ë–º(p_arti_a), –Ω–∞–ø–∏—Å–∞–ª: üé± –†–∞–Ω–¥–æ–ú–∏—Ç
INFO 11/04/2022 18:07:22 - ID:401633059, –ê—Ä—Ç—ë–º(p_arti_a), –≤—ã–≤–µ–ª –Ω–∞ —ç–∫—Ä–∞–Ω: –í—ã –µ—â—ë –Ω–µ –∞–≤—Ç–æ—Ä–∏–∑–∏—Ä–æ–≤–∞–ª–∏—Å—å!
INFO 11/04/2022 18:07:24 - ID:401633059, –ê—Ä—Ç—ë–º(p_arti_a), –Ω–∞–ø–∏—Å–∞–ª: ‚óÄÔ∏è –ù–∞–∑–∞–¥
INFO 11/04/2022 18:07:24 - ID:401633059, –ê—Ä—Ç—ë–º(p_arti_a), –∏—Å–ø. –∫–æ–º–∞–Ω–¥—É: ‚óÄÔ∏è –ù–∞–∑–∞–¥
INFO 11/04/2022 18:07:25 - ID:401633059, –ê—Ä—Ç—ë–º(p_arti_a), –Ω–∞–ø–∏—Å–∞–ª: –°–∞–º–æ–¥–µ–ª—å–Ω–æ–µ –∫–∞–∑–∏–Ω–æ!
INFO 11/04/2022 18:07:31 - ID:401633059, –ê—Ä—Ç—ë–º(p_arti_a), –Ω–∞–ø–∏—Å–∞–ª: partia;1234
INFO 11/04/2022 18:07:31 - ID:401633059, –ê—Ä—Ç—ë–º(p_arti_a), –≤—ã–≤–µ–ª –Ω–∞ —ç–∫—Ä–∞–Ω: –í—ã –µ—â—ë –Ω–µ –∞–≤—Ç–æ—Ä–∏–∑–∏—Ä–æ–≤–∞–ª–∏—Å—å!
INFO 11/04/2022 18:07:52 - ID:401633059, –ê—Ä—Ç—ë–º(p_arti_a), –Ω–∞–ø–∏—Å–∞–ª: partia;1234
INFO 11/04/2022 18:07:52 - ID:401633059, –ê—Ä—Ç—ë–º(p_arti_a), –≤—ã–≤–µ–ª –Ω–∞ —ç–∫—Ä–∞–Ω: –í—ã –µ—â—ë –Ω–µ –∞–≤—Ç–æ—Ä–∏–∑–∏—Ä–æ–≤–∞–ª–∏—Å—å!
INFO 11/04/2022 18:07:56 - ID:401633059, –ê—Ä—Ç—ë–º(p_arti_a), –Ω–∞–ø–∏—Å–∞–ª: –í—Ö–æ–¥
INFO 11/04/2022 18:07:56 - ID:401633059, –ê—Ä—Ç—ë–º(p_arti_a), –≤—ã–≤–µ–ª –Ω–∞ —ç–∫—Ä–∞–Ω: –ê–≤—Ç–æ—Ä–∏–∑–∞—Ü–∏—è!
–í–≤–µ–¥–∏—Ç–µ –¥–∞–Ω–Ω—ã–µ.
–õ–æ–≥–∏–Ω;–ü–∞—Ä–æ–ª—å
INFO 11/04/2022 18:07:59 - ID:401633059, –ê—Ä—Ç—ë–º(p_arti_a), –Ω–∞–ø–∏—Å–∞–ª: partia;1234
INFO 11/04/2022 18:07:59 - ID:401633059, –ê—Ä—Ç—ë–º(p_arti_a), –≤—ã–≤–µ–ª –Ω–∞ —ç–∫—Ä–∞–Ω: –í—ã —É—Å–ø–µ—à–Ω–æ –∞–≤—Ç–æ—Ä–∏–∑–∏—Ä–æ–≤–∞–ª–∏—Å—å partia
INFO 11/04/2022 18:07:59 - ID:401633059, –ê—Ä—Ç—ë–º(p_arti_a), –≤—ã–≤–µ–ª –Ω–∞ —ç–∫—Ä–∞–Ω: 
–í –∫–∞–∫—É—é –∏–≥—Ä—É —Å—ã–≥—Ä–∞–µ–º?
1. –†–∞–Ω–¥–æ–ú–∏—Ç
2. –û–¥–Ω–æ—Ä—É–∫–∏–π –ë–∞–Ω–¥–∏—Ç
3. –†—É–ª–µ—Ç–∫–∞
INFO 11/04/2022 18:08:14 - ID:401633059, –ê—Ä—Ç—ë–º(p_arti_a), –Ω–∞–ø–∏—Å–∞–ª: üé± –†–∞–Ω–¥–æ–ú–∏—Ç
INFO 11/04/2022 18:08:14 - ID:401633059, –ê—Ä—Ç—ë–º(p_arti_a), –≤—ã–≤–µ–ª –Ω–∞ —ç–∫—Ä–∞–Ω: –ó–∞–ø—É—Å–∫–∞–µ–º –†–∞–Ω–¥–æ–ú–∏—Ç
INFO 11/04/2022 18:10:04 - ID:401633059, –ê—Ä—Ç—ë–º(p_arti_a), –Ω–∞–ø–∏—Å–∞–ª: ‚óÄÔ∏è –ù–∞–∑–∞–¥
INFO 11/04/2022 18:10:04 - ID:401633059, –ê—Ä—Ç—ë–º(p_arti_a), –∏—Å–ø. –∫–æ–º–∞–Ω–¥—É: ‚óÄÔ∏è –ù–∞–∑–∞–¥
INFO 11/04/2022 18:10:05 - ID:401633059, –ê—Ä—Ç—ë–º(p_arti_a), –Ω–∞–ø–∏—Å–∞–ª: –°–∞–º–æ–¥–µ–ª—å–Ω–æ–µ –∫–∞–∑–∏–Ω–æ!
INFO 11/04/2022 18:10:07 - ID:401633059, –ê—Ä—Ç—ë–º(p_arti_a), –Ω–∞–ø–∏—Å–∞–ª: –í—Ö–æ–¥
INFO 11/04/2022 18:10:07 - ID:401633059, –ê—Ä—Ç—ë–º(p_arti_a), –≤—ã–≤–µ–ª –Ω–∞ —ç–∫—Ä–∞–Ω: –ê–≤—Ç–æ—Ä–∏–∑–∞—Ü–∏—è!
–í–≤–µ–¥–∏—Ç–µ –¥–∞–Ω–Ω—ã–µ.
–õ–æ–≥–∏–Ω;–ü–∞—Ä–æ–ª—å
INFO 11/04/2022 18:10:18 - ID:401633059, –ê—Ä—Ç—ë–º(p_arti_a), –Ω–∞–ø–∏—Å–∞–ª: partia;1234
INFO 11/04/2022 18:10:18 - ID:401633059, –ê—Ä—Ç—ë–º(p_arti_a), –≤—ã–≤–µ–ª –Ω–∞ —ç–∫—Ä–∞–Ω: –í—ã —É—Å–ø–µ—à–Ω–æ –∞–≤—Ç–æ—Ä–∏–∑–∏—Ä–æ–≤–∞–ª–∏—Å—å partia
INFO 11/04/2022 18:10:18 - ID:401633059, –ê—Ä—Ç—ë–º(p_arti_a), –≤—ã–≤–µ–ª –Ω–∞ —ç–∫—Ä–∞–Ω: 
–í –∫–∞–∫—É—é –∏–≥—Ä—É —Å—ã–≥—Ä–∞–µ–º?
1. –†–∞–Ω–¥–æ–ú–∏—Ç
2. –û–¥–Ω–æ—Ä—É–∫–∏–π –ë–∞–Ω–¥–∏—Ç
3. –†—É–ª–µ—Ç–∫–∞
INFO 11/04/2022 18:10:20 - ID:401633059, –ê—Ä—Ç—ë–º(p_arti_a), –Ω–∞–ø–∏—Å–∞–ª: üé± –†–∞–Ω–¥–æ–ú–∏—Ç
INFO 11/04/2022 18:10:20 - ID:401633059, –ê—Ä—Ç—ë–º(p_arti_a), –≤—ã–≤–µ–ª –Ω–∞ —ç–∫—Ä–∞–Ω: –ó–∞–ø—É—Å–∫–∞–µ–º –†–∞–Ω–¥–æ–ú–∏—Ç
INFO 11/04/2022 18:10:20 - ID:401633059, –ê—Ä—Ç—ë–º(p_arti_a), –≤—ã–≤–µ–ª –Ω–∞ —ç–∫—Ä–∞–Ω: –í—ã –µ—â—ë –Ω–µ –∞–≤—Ç–æ—Ä–∏–∑–∏—Ä–æ–≤–∞–ª–∏—Å—å!
INFO 11/04/2022 18:10:29 - ID:401633059, –ê—Ä—Ç—ë–º(p_arti_a), –Ω–∞–ø–∏—Å–∞–ª: üé± –†–∞–Ω–¥–æ–ú–∏—Ç
INFO 11/04/2022 18:10:29 - ID:401633059, –ê—Ä—Ç—ë–º(p_arti_a), –≤—ã–≤–µ–ª –Ω–∞ —ç–∫—Ä–∞–Ω: –ó–∞–ø—É—Å–∫–∞–µ–º –†–∞–Ω–¥–æ–ú–∏—Ç
INFO 11/04/2022 18:10:29 - ID:401633059, –ê—Ä—Ç—ë–º(p_arti_a), –≤—ã–≤–µ–ª –Ω–∞ —ç–∫—Ä–∞–Ω: –í—ã –µ—â—ë –Ω–µ –∞–≤—Ç–æ—Ä–∏–∑–∏—Ä–æ–≤–∞–ª–∏—Å—å!
INFO 11/04/2022 18:10:31 - ID:401633059, –ê—Ä—Ç—ë–º(p_arti_a), –Ω–∞–ø–∏—Å–∞–ª: ‚óÄÔ∏è –ù–∞–∑–∞–¥
INFO 11/04/2022 18:10:31 - ID:401633059, –ê—Ä—Ç—ë–º(p_arti_a), –∏—Å–ø. –∫–æ–º–∞–Ω–¥—É: ‚óÄÔ∏è –ù–∞–∑–∞–¥
INFO 11/04/2022 18:12:30 - ID:401633059, –ê—Ä—Ç—ë–º(p_arti_a), –Ω–∞–ø–∏—Å–∞–ª: –°–∞–º–æ–¥–µ–ª—å–Ω–æ–µ –∫–∞–∑–∏–Ω–æ!
INFO 11/04/2022 18:12:31 - ID:401633059, –ê—Ä—Ç—ë–º(p_arti_a), –Ω–∞–ø–∏—Å–∞–ª: –í—Ö–æ–¥
INFO 11/04/2022 18:12:31 - ID:401633059, –ê—Ä—Ç—ë–º(p_arti_a), –≤—ã–≤–µ–ª –Ω–∞ —ç–∫—Ä–∞–Ω: –ê–≤—Ç–æ—Ä–∏–∑–∞—Ü–∏—è!
–í–≤–µ–¥–∏—Ç–µ –¥–∞–Ω–Ω—ã–µ.
–õ–æ–≥–∏–Ω;–ü–∞—Ä–æ–ª—å
INFO 11/04/2022 18:12:37 - ID:401633059, –ê—Ä—Ç—ë–º(p_arti_a), –Ω–∞–ø–∏—Å–∞–ª: partia;1234
INFO 11/04/2022 18:12:37 - ID:401633059, –ê—Ä—Ç—ë–º(p_arti_a), –≤—ã–≤–µ–ª –Ω–∞ —ç–∫—Ä–∞–Ω: –í—ã —É—Å–ø–µ—à–Ω–æ –∞–≤—Ç–æ—Ä–∏–∑–∏—Ä–æ–≤–∞–ª–∏—Å—å partia
INFO 11/04/2022 18:12:37 - ID:401633059, –ê—Ä—Ç—ë–º(p_arti_a), –≤—ã–≤–µ–ª –Ω–∞ —ç–∫—Ä–∞–Ω: 
–í –∫–∞–∫—É—é –∏–≥—Ä—É —Å—ã–≥—Ä–∞–µ–º?
1. –†–∞–Ω–¥–æ–ú–∏—Ç
2. –û–¥–Ω–æ—Ä—É–∫–∏–π –ë–∞–Ω–¥–∏—Ç
3. –†—É–ª–µ—Ç–∫–∞
INFO 11/04/2022 18:12:38 - ID:401633059, –ê—Ä—Ç—ë–º(p_arti_a), –Ω–∞–ø–∏—Å–∞–ª: üé± –†–∞–Ω–¥–æ–ú–∏—Ç
INFO 11/04/2022 18:12:50 - ID:401633059, –ê—Ä—Ç—ë–º(p_arti_a), –≤—ã–≤–µ–ª –Ω–∞ —ç–∫—Ä–∞–Ω: –ó–∞–ø—É—Å–∫–∞–µ–º –†–∞–Ω–¥–æ–ú–∏—Ç
INFO 11/04/2022 18:13:53 - ID:401633059, –ê—Ä—Ç—ë–º(p_arti_a), –Ω–∞–ø–∏—Å–∞–ª: ‚óÄÔ∏è –ù–∞–∑–∞–¥
INFO 11/04/2022 18:13:53 - ID:401633059, –ê—Ä—Ç—ë–º(p_arti_a), –∏—Å–ø. –∫–æ–º–∞–Ω–¥—É: ‚óÄÔ∏è –ù–∞–∑–∞–¥
INFO 11/04/2022 18:13:54 - ID:401633059, –ê—Ä—Ç—ë–º(p_arti_a), –Ω–∞–ø–∏—Å–∞–ª: –°–∞–º–æ–¥–µ–ª—å–Ω–æ–µ –∫–∞–∑–∏–Ω–æ!
INFO 11/04/2022 18:13:55 - ID:401633059, –ê—Ä—Ç—ë–º(p_arti_a), –Ω–∞–ø–∏—Å–∞–ª: –í—Ö–æ–¥
INFO 11/04/2022 18:13:55 - ID:401633059, –ê—Ä—Ç—ë–º(p_arti_a), –≤—ã–≤–µ–ª –Ω–∞ —ç–∫—Ä–∞–Ω: –ê–≤—Ç–æ—Ä–∏–∑–∞—Ü–∏—è!
–í–≤–µ–¥–∏—Ç–µ –¥–∞–Ω–Ω—ã–µ.
–õ–æ–≥–∏–Ω;–ü–∞—Ä–æ–ª—å
INFO 11/04/2022 18:13:59 - ID:401633059, –ê—Ä—Ç—ë–º(p_arti_a), –Ω–∞–ø–∏—Å–∞–ª: partia;1234
INFO 11/04/2022 18:13:59 - ID:401633059, –ê—Ä—Ç—ë–º(p_arti_a), –≤—ã–≤–µ–ª –Ω–∞ —ç–∫—Ä–∞–Ω: –í—ã —É—Å–ø–µ—à–Ω–æ –∞–≤—Ç–æ—Ä–∏–∑–∏—Ä–æ–≤–∞–ª–∏—Å—å partia
INFO 11/04/2022 18:13:59 - ID:401633059, –ê—Ä—Ç—ë–º(p_arti_a), –≤—ã–≤–µ–ª –Ω–∞ —ç–∫—Ä–∞–Ω: 
–í –∫–∞–∫—É—é –∏–≥—Ä—É —Å—ã–≥—Ä–∞–µ–º?
1. –†–∞–Ω–¥–æ–ú–∏—Ç
2. –û–¥–Ω–æ—Ä—É–∫–∏–π –ë–∞–Ω–¥–∏—Ç
3. –†—É–ª–µ—Ç–∫–∞
INFO 11/04/2022 18:14:01 - ID:401633059, –ê—Ä—Ç—ë–º(p_arti_a), –Ω–∞–ø–∏—Å–∞–ª: üé± –†–∞–Ω–¥–æ–ú–∏—Ç
INFO 11/04/2022 18:14:04 - ID:401633059, –ê—Ä—Ç—ë–º(p_arti_a), –≤—ã–≤–µ–ª –Ω–∞ —ç–∫—Ä–∞–Ω: –ó–∞–ø—É—Å–∫–∞–µ–º –†–∞–Ω–¥–æ–ú–∏—Ç
INFO 11/04/2022 18:16:32 - ID:401633059, –ê—Ä—Ç—ë–º(p_arti_a), –Ω–∞–ø–∏—Å–∞–ª: ‚óÄÔ∏è –ù–∞–∑–∞–¥
INFO 11/04/2022 18:16:32 - ID:401633059, –ê—Ä—Ç—ë–º(p_arti_a), –∏—Å–ø. –∫–æ–º–∞–Ω–¥—É: ‚óÄÔ∏è –ù–∞–∑–∞–¥
INFO 11/04/2022 18:16:33 - ID:401633059, –ê—Ä—Ç—ë–º(p_arti_a), –Ω–∞–ø–∏—Å–∞–ª: –°–∞–º–æ–¥–µ–ª—å–Ω–æ–µ –∫–∞–∑–∏–Ω–æ!
INFO 11/04/2022 18:16:34 - ID:401633059, –ê—Ä—Ç—ë–º(p_arti_a), –Ω–∞–ø–∏—Å–∞–ª: –í—Ö–æ–¥
INFO 11/04/2022 18:16:34 - ID:401633059, –ê—Ä—Ç—ë–º(p_arti_a), –≤—ã–≤–µ–ª –Ω–∞ —ç–∫—Ä–∞–Ω: –ê–≤—Ç–æ—Ä–∏–∑–∞—Ü–∏—è!
–í–≤–µ–¥–∏—Ç–µ –¥–∞–Ω–Ω—ã–µ.
–õ–æ–≥–∏–Ω;–ü–∞—Ä–æ–ª—å
INFO 11/04/2022 18:16:37 - ID:401633059, –ê—Ä—Ç—ë–º(p_arti_a), –Ω–∞–ø–∏—Å–∞–ª: partia-1234
INFO 11/04/2022 18:16:37 - ID:401633059, –ê—Ä—Ç—ë–º(p_arti_a), –≤—ã–≤–µ–ª –Ω–∞ —ç–∫—Ä–∞–Ω: –í—ã –Ω–µ —É–∫–∞–∑–∞–ª–∏ —Ä–∞–∑–¥–µ–ª–∏—Ç–µ–ª—å!
INFO 11/04/2022 18:16:41 - ID:401633059, –ê—Ä—Ç—ë–º(p_arti_a), –Ω–∞–ø–∏—Å–∞–ª: partia;1234
INFO 11/04/2022 18:16:41 - ID:401633059, –ê—Ä—Ç—ë–º(p_arti_a), –≤—ã–≤–µ–ª –Ω–∞ —ç–∫—Ä–∞–Ω: –í—ã —É—Å–ø–µ—à–Ω–æ –∞–≤—Ç–æ—Ä–∏–∑–∏—Ä–æ–≤–∞–ª–∏—Å—å partia
INFO 11/04/2022 18:16:41 - ID:401633059, –ê—Ä—Ç—ë–º(p_arti_a), –≤—ã–≤–µ–ª –Ω–∞ —ç–∫—Ä–∞–Ω: 
–í –∫–∞–∫—É—é –∏–≥—Ä—É —Å—ã–≥—Ä–∞–µ–º?
1. –†–∞–Ω–¥–æ–ú–∏—Ç
2. –û–¥–Ω–æ—Ä—É–∫–∏–π –ë–∞–Ω–¥–∏—Ç
3. –†—É–ª–µ—Ç–∫–∞
INFO 11/04/2022 18:16:42 - ID:401633059, –ê—Ä—Ç—ë–º(p_arti_a), –Ω–∞–ø–∏—Å–∞–ª: üé± –†–∞–Ω–¥–æ–ú–∏—Ç
INFO 11/04/2022 18:16:42 - ID:401633059, –ê—Ä—Ç—ë–º(p_arti_a), –≤—ã–≤–µ–ª –Ω–∞ —ç–∫—Ä–∞–Ω: –ó–∞–ø—É—Å–∫–∞–µ–º –†–∞–Ω–¥–æ–ú–∏—Ç
INFO 11/04/2022 18:16:45 - ID:401633059, –ê—Ä—Ç—ë–º(p_arti_a), –≤—ã–≤–µ–ª –Ω–∞ —ç–∫—Ä–∞–Ω: –í—ã–ø–∞–ª–æ —á–∏—Å–ª–æ -13
–í—ã –ø—Ä–æ–∏–≥—Ä–∞–ª–∏: 0.0 ‚ùå
–¢–µ–ø–µ—Ä—å –≤–∞—à –±–∞–ª–∞–Ω—Å —Ä–∞–≤–µ–Ω: 147.9
ERROR 11/04/2022 18:16:45 - Threaded polling exception: A request to the Telegram API was unsuccessful. Error code: 400. Description: Bad Request: message is not modified: specified new message content and reply markup are exactly the same as a current content and reply markup of the message
ERROR 11/04/2022 18:16:45 - Exception traceback:
Traceback (most recent call last):
  File "C:\Users\Artem\AppData\Local\Programs\Python\Python310\lib\site-packages\telebot\__init__.py", line 1078, in __threaded_polling
    self.worker_pool.raise_exceptions()
  File "C:\Users\Artem\AppData\Local\Programs\Python\Python310\lib\site-packages\telebot\util.py", line 154, in raise_exceptions
    raise self.exception_info
  File "C:\Users\Artem\AppData\Local\Programs\Python\Python310\lib\site-packages\telebot\util.py", line 98, in run
    task(*args, **kwargs)
  File "C:\Users\Artem\AppData\Local\Programs\Python\Python310\lib\site-packages\telebot\__init__.py", line 6086, in _run_middlewares_and_handler
    result = handler['function'](message)
  File "e:\Python\Telegram_bot\Casino_telegram.py", line 112, in callback_inline
    randomid(user.ms)
  File "e:\Python\Telegram_bot\Casino_telegram.py", line 286, in randomid
    bet_check(message)
  File "e:\Python\Telegram_bot\Casino_telegram.py", line 254, in bet_check
    databot.last_mes = bot.edit_message_text(chat_id = user.id, message_id = databot.mes_now.message_id, reply_markup=markup, text=f'–ö–ê-–ó–ò-–ù–û! –†–∞–Ω–¥–æ–ú–∏—Ç. –í–∞—à–∞ —Å—Ç–∞–≤–∫–∞ —Ä–∞–≤–Ω–∞ = 0')
  File "C:\Users\Artem\AppData\Local\Programs\Python\Python310\lib\site-packages\telebot\__init__.py", line 3567, in edit_message_text
    result = apihelper.edit_message_text(self.token, text, chat_id, message_id, inline_message_id, parse_mode,
  File "C:\Users\Artem\AppData\Local\Programs\Python\Python310\lib\site-packages\telebot\apihelper.py", line 1253, in edit_message_text
    return _make_request(token, method_url, params=payload, method='post')
  File "C:\Users\Artem\AppData\Local\Programs\Python\Python310\lib\site-packages\telebot\apihelper.py", line 162, in _make_request
    json_result = _check_result(method_name, result)
  File "C:\Users\Artem\AppData\Local\Programs\Python\Python310\lib\site-packages\telebot\apihelper.py", line 189, in _check_result
    raise ApiTelegramException(method_name, result, result_json)
telebot.apihelper.ApiTelegramException: A request to the Telegram API was unsuccessful. Error code: 400. Description: Bad Request: message is not modified: specified new message content and reply markup are exactly the same as a current content and reply markup of the message

ERROR 11/04/2022 18:17:10 - Threaded polling exception: A request to the Telegram API was unsuccessful. Error code: 400. Description: Bad Request: message is not modified: specified new message content and reply markup are exactly the same as a current content and reply markup of the message
ERROR 11/04/2022 18:17:10 - Exception traceback:
Traceback (most recent call last):
  File "C:\Users\Artem\AppData\Local\Programs\Python\Python310\lib\site-packages\telebot\__init__.py", line 1078, in __threaded_polling
    self.worker_pool.raise_exceptions()
  File "C:\Users\Artem\AppData\Local\Programs\Python\Python310\lib\site-packages\telebot\util.py", line 154, in raise_exceptions
    raise self.exception_info
  File "C:\Users\Artem\AppData\Local\Programs\Python\Python310\lib\site-packages\telebot\util.py", line 98, in run
    task(*args, **kwargs)
  File "C:\Users\Artem\AppData\Local\Programs\Python\Python310\lib\site-packages\telebot\__init__.py", line 6086, in _run_middlewares_and_handler
    result = handler['function'](message)
  File "e:\Python\Telegram_bot\Casino_telegram.py", line 112, in callback_inline
    randomid(user.ms)
  File "e:\Python\Telegram_bot\Casino_telegram.py", line 286, in randomid
    bet_check(message)
  File "e:\Python\Telegram_bot\Casino_telegram.py", line 254, in bet_check
    databot.last_mes = bot.edit_message_text(chat_id = user.id, message_id = databot.mes_now.message_id, reply_markup=markup, text=f'–ö–ê-–ó–ò-–ù–û! –†–∞–Ω–¥–æ–ú–∏—Ç. –í–∞—à–∞ —Å—Ç–∞–≤–∫–∞ —Ä–∞–≤–Ω–∞ = 0')
  File "C:\Users\Artem\AppData\Local\Programs\Python\Python310\lib\site-packages\telebot\__init__.py", line 3567, in edit_message_text
    result = apihelper.edit_message_text(self.token, text, chat_id, message_id, inline_message_id, parse_mode,
  File "C:\Users\Artem\AppData\Local\Programs\Python\Python310\lib\site-packages\telebot\apihelper.py", line 1253, in edit_message_text
    return _make_request(token, method_url, params=payload, method='post')
  File "C:\Users\Artem\AppData\Local\Programs\Python\Python310\lib\site-packages\telebot\apihelper.py", line 162, in _make_request
    json_result = _check_result(method_name, result)
  File "C:\Users\Artem\AppData\Local\Programs\Python\Python310\lib\site-packages\telebot\apihelper.py", line 189, in _check_result
    raise ApiTelegramException(method_name, result, result_json)
telebot.apihelper.ApiTelegramException: A request to the Telegram API was unsuccessful. Error code: 400. Description: Bad Request: message is not modified: specified new message content and reply markup are exactly the same as a current content and reply markup of the message

INFO 11/04/2022 18:17:24 - ID:401633059, –ê—Ä—Ç—ë–º(p_arti_a), –Ω–∞–ø–∏—Å–∞–ª: üé± –†–∞–Ω–¥–æ–ú–∏—Ç
INFO 11/04/2022 18:17:24 - ID:401633059, –ê—Ä—Ç—ë–º(p_arti_a), –≤—ã–≤–µ–ª –Ω–∞ —ç–∫—Ä–∞–Ω: –ó–∞–ø—É—Å–∫–∞–µ–º –†–∞–Ω–¥–æ–ú–∏—Ç
INFO 11/04/2022 18:19:24 - ID:401633059, –ê—Ä—Ç—ë–º(p_arti_a), –Ω–∞–ø–∏—Å–∞–ª: ‚óÄÔ∏è –ù–∞–∑–∞–¥
INFO 11/04/2022 18:19:24 - ID:401633059, –ê—Ä—Ç—ë–º(p_arti_a), –∏—Å–ø. –∫–æ–º–∞–Ω–¥—É: ‚óÄÔ∏è –ù–∞–∑–∞–¥
INFO 11/04/2022 18:19:25 - ID:401633059, –ê—Ä—Ç—ë–º(p_arti_a), –Ω–∞–ø–∏—Å–∞–ª: –°–∞–º–æ–¥–µ–ª—å–Ω–æ–µ –∫–∞–∑–∏–Ω–æ!
INFO 11/04/2022 18:19:26 - ID:401633059, –ê—Ä—Ç—ë–º(p_arti_a), –Ω–∞–ø–∏—Å–∞–ª: –í—Ö–æ–¥
INFO 11/04/2022 18:19:26 - ID:401633059, –ê—Ä—Ç—ë–º(p_arti_a), –≤—ã–≤–µ–ª –Ω–∞ —ç–∫—Ä–∞–Ω: –ê–≤—Ç–æ—Ä–∏–∑–∞—Ü–∏—è!
–í–≤–µ–¥–∏—Ç–µ –¥–∞–Ω–Ω—ã–µ.
–õ–æ–≥–∏–Ω;–ü–∞—Ä–æ–ª—å
INFO 11/04/2022 18:19:33 - ID:401633059, –ê—Ä—Ç—ë–º(p_arti_a), –Ω–∞–ø–∏—Å–∞–ª: partia;1234
INFO 11/04/2022 18:19:33 - ID:401633059, –ê—Ä—Ç—ë–º(p_arti_a), –≤—ã–≤–µ–ª –Ω–∞ —ç–∫—Ä–∞–Ω: –í—ã —É—Å–ø–µ—à–Ω–æ –∞–≤—Ç–æ—Ä–∏–∑–∏—Ä–æ–≤–∞–ª–∏—Å—å partia
INFO 11/04/2022 18:19:33 - ID:401633059, –ê—Ä—Ç—ë–º(p_arti_a), –≤—ã–≤–µ–ª –Ω–∞ —ç–∫—Ä–∞–Ω: 
–í –∫–∞–∫—É—é –∏–≥—Ä—É —Å—ã–≥—Ä–∞–µ–º?
1. –†–∞–Ω–¥–æ–ú–∏—Ç
2. –û–¥–Ω–æ—Ä—É–∫–∏–π –ë–∞–Ω–¥–∏—Ç
3. –†—É–ª–µ—Ç–∫–∞
INFO 11/04/2022 18:19:35 - ID:401633059, –ê—Ä—Ç—ë–º(p_arti_a), –Ω–∞–ø–∏—Å–∞–ª: üé± –†–∞–Ω–¥–æ–ú–∏—Ç
INFO 11/04/2022 18:19:35 - ID:401633059, –ê—Ä—Ç—ë–º(p_arti_a), –≤—ã–≤–µ–ª –Ω–∞ —ç–∫—Ä–∞–Ω: –ó–∞–ø—É—Å–∫–∞–µ–º –†–∞–Ω–¥–æ–ú–∏—Ç
INFO 11/04/2022 18:19:41 - ID:401633059, –ê—Ä—Ç—ë–º(p_arti_a), –≤—ã–≤–µ–ª –Ω–∞ —ç–∫—Ä–∞–Ω: –í—ã–ø–∞–ª–æ —á–∏—Å–ª–æ 9
–í—ã –≤—ã–π–≥—Ä–∞–ª–∏: 0.0 ‚úÖ
–¢–µ–ø–µ—Ä—å –≤–∞—à –±–∞–ª–∞–Ω—Å —Ä–∞–≤–µ–Ω: 147.9
INFO 11/04/2022 18:22:20 - ID:401633059, –ê—Ä—Ç—ë–º(p_arti_a), –Ω–∞–ø–∏—Å–∞–ª: ‚óÄÔ∏è –ù–∞–∑–∞–¥
INFO 11/04/2022 18:22:20 - ID:401633059, –ê—Ä—Ç—ë–º(p_arti_a), –∏—Å–ø. –∫–æ–º–∞–Ω–¥—É: ‚óÄÔ∏è –ù–∞–∑–∞–¥
INFO 11/04/2022 18:22:24 - ID:401633059, –ê—Ä—Ç—ë–º(p_arti_a), –Ω–∞–ø–∏—Å–∞–ª: –°–∞–º–æ–¥–µ–ª—å–Ω–æ–µ –∫–∞–∑–∏–Ω–æ!
INFO 11/04/2022 18:22:26 - ID:401633059, –ê—Ä—Ç—ë–º(p_arti_a), –Ω–∞–ø–∏—Å–∞–ª: –í—Ö–æ–¥
INFO 11/04/2022 18:22:26 - ID:401633059, –ê—Ä—Ç—ë–º(p_arti_a), –≤—ã–≤–µ–ª –Ω–∞ —ç–∫—Ä–∞–Ω: –ê–≤—Ç–æ—Ä–∏–∑–∞—Ü–∏—è!
–í–≤–µ–¥–∏—Ç–µ –¥–∞–Ω–Ω—ã–µ.
–õ–æ–≥–∏–Ω;–ü–∞—Ä–æ–ª—å
INFO 11/04/2022 18:22:31 - ID:401633059, –ê—Ä—Ç—ë–º(p_arti_a), –Ω–∞–ø–∏—Å–∞–ª: –í—Ö–æ–¥
INFO 11/04/2022 18:22:31 - ID:401633059, –ê—Ä—Ç—ë–º(p_arti_a), –≤—ã–≤–µ–ª –Ω–∞ —ç–∫—Ä–∞–Ω: –í—ã –Ω–µ —É–∫–∞–∑–∞–ª–∏ —Ä–∞–∑–¥–µ–ª–∏—Ç–µ–ª—å!
INFO 11/04/2022 18:22:32 - ID:401633059, –ê—Ä—Ç—ë–º(p_arti_a), –Ω–∞–ø–∏—Å–∞–ª: partia;1234
INFO 11/04/2022 18:22:32 - ID:401633059, –ê—Ä—Ç—ë–º(p_arti_a), –≤—ã–≤–µ–ª –Ω–∞ —ç–∫—Ä–∞–Ω: –í—ã —É—Å–ø–µ—à–Ω–æ –∞–≤—Ç–æ—Ä–∏–∑–∏—Ä–æ–≤–∞–ª–∏—Å—å partia
INFO 11/04/2022 18:22:32 - ID:401633059, –ê—Ä—Ç—ë–º(p_arti_a), –≤—ã–≤–µ–ª –Ω–∞ —ç–∫—Ä–∞–Ω: 
–í –∫–∞–∫—É—é –∏–≥—Ä—É —Å—ã–≥—Ä–∞–µ–º?
1. –†–∞–Ω–¥–æ–ú–∏—Ç
2. –û–¥–Ω–æ—Ä—É–∫–∏–π –ë–∞–Ω–¥–∏—Ç
3. –†—É–ª–µ—Ç–∫–∞
INFO 11/04/2022 18:22:41 - ID:401633059, –ê—Ä—Ç—ë–º(p_arti_a), –Ω–∞–ø–∏—Å–∞–ª: üé± –†–∞–Ω–¥–æ–ú–∏—Ç
INFO 11/04/2022 18:22:41 - ID:401633059, –ê—Ä—Ç—ë–º(p_arti_a), –≤—ã–≤–µ–ª –Ω–∞ —ç–∫—Ä–∞–Ω: –ó–∞–ø—É—Å–∫–∞–µ–º –†–∞–Ω–¥–æ–ú–∏—Ç
INFO 11/04/2022 18:22:43 - ID:401633059, –ê—Ä—Ç—ë–º(p_arti_a), –≤—ã–≤–µ–ª –Ω–∞ —ç–∫—Ä–∞–Ω: –í—ã–ø–∞–ª–æ —á–∏—Å–ª–æ -6
–í—ã –ø—Ä–æ–∏–≥—Ä–∞–ª–∏: 0.0 ‚ùå
–¢–µ–ø–µ—Ä—å –≤–∞—à –±–∞–ª–∞–Ω—Å —Ä–∞–≤–µ–Ω: 147.9
INFO 11/04/2022 18:22:43 - ID:401633059, –ê—Ä—Ç—ë–º(p_arti_a), –í—ã–ø–∞–ª–æ —á–∏—Å–ª–æ -6
–í—ã –ø—Ä–æ–∏–≥—Ä–∞–ª–∏: 0.0 ‚ùå
–¢–µ–ø–µ—Ä—å –≤–∞—à –±–∞–ª–∞–Ω—Å —Ä–∞–≤–µ–Ω: 147.9
INFO 11/04/2022 18:22:46 - ID:401633059, –ê—Ä—Ç—ë–º(p_arti_a), –í—ã–ø–∞–ª–æ —á–∏—Å–ª–æ -6
–í—ã –ø—Ä–æ–∏–≥—Ä–∞–ª–∏: 0.0 ‚ùå
–¢–µ–ø–µ—Ä—å –≤–∞—à –±–∞–ª–∞–Ω—Å —Ä–∞–≤–µ–Ω: 147.9
INFO 11/04/2022 18:22:47 - ID:401633059, –ê—Ä—Ç—ë–º(p_arti_a), –í—ã–ø–∞–ª–æ —á–∏—Å–ª–æ -6
–í—ã –ø—Ä–æ–∏–≥—Ä–∞–ª–∏: 0.0 ‚ùå
–¢–µ–ø–µ—Ä—å –≤–∞—à –±–∞–ª–∞–Ω—Å —Ä–∞–≤–µ–Ω: 147.9
INFO 11/04/2022 18:22:48 - ID:401633059, –ê—Ä—Ç—ë–º(p_arti_a), –í—ã–ø–∞–ª–æ —á–∏—Å–ª–æ -6
–í—ã –ø—Ä–æ–∏–≥—Ä–∞–ª–∏: 0.0 ‚ùå
–¢–µ–ø–µ—Ä—å –≤–∞—à –±–∞–ª–∞–Ω—Å —Ä–∞–≤–µ–Ω: 147.9
INFO 11/04/2022 18:22:50 - ID:401633059, –ê—Ä—Ç—ë–º(p_arti_a), –í—ã–ø–∞–ª–æ —á–∏—Å–ª–æ -6
–í—ã –ø—Ä–æ–∏–≥—Ä–∞–ª–∏: 0.0 ‚ùå
–¢–µ–ø–µ—Ä—å –≤–∞—à –±–∞–ª–∞–Ω—Å —Ä–∞–≤–µ–Ω: 147.9
INFO 11/04/2022 18:22:54 - ID:401633059, –ê—Ä—Ç—ë–º(p_arti_a), –í—ã–ø–∞–ª–æ —á–∏—Å–ª–æ -6
–í—ã –ø—Ä–æ–∏–≥—Ä–∞–ª–∏: 0.0 ‚ùå
–¢–µ–ø–µ—Ä—å –≤–∞—à –±–∞–ª–∞–Ω—Å —Ä–∞–≤–µ–Ω: 147.9
INFO 11/04/2022 18:22:58 - ID:401633059, –ê—Ä—Ç—ë–º(p_arti_a), –í—ã–ø–∞–ª–æ —á–∏—Å–ª–æ -6
–í—ã –ø—Ä–æ–∏–≥—Ä–∞–ª–∏: 0.0 ‚ùå
–¢–µ–ø–µ—Ä—å –≤–∞—à –±–∞–ª–∞–Ω—Å —Ä–∞–≤–µ–Ω: 147.9
INFO 11/04/2022 18:23:03 - ID:401633059, –ê—Ä—Ç—ë–º(p_arti_a), –í—ã–ø–∞–ª–æ —á–∏—Å–ª–æ -6
–í—ã –ø—Ä–æ–∏–≥—Ä–∞–ª–∏: 0.0 ‚ùå
–¢–µ–ø–µ—Ä—å –≤–∞—à –±–∞–ª–∞–Ω—Å —Ä–∞–≤–µ–Ω: 147.9
INFO 11/04/2022 18:23:10 - ID:401633059, –ê—Ä—Ç—ë–º(p_arti_a), –í—ã–ø–∞–ª–æ —á–∏—Å–ª–æ -6
–í—ã –ø—Ä–æ–∏–≥—Ä–∞–ª–∏: 0.0 ‚ùå
–¢–µ–ø–µ—Ä—å –≤–∞—à –±–∞–ª–∞–Ω—Å —Ä–∞–≤–µ–Ω: 147.9
INFO 11/04/2022 18:23:18 - ID:401633059, –ê—Ä—Ç—ë–º(p_arti_a), –í—ã–ø–∞–ª–æ —á–∏—Å–ª–æ -6
–í—ã –ø—Ä–æ–∏–≥—Ä–∞–ª–∏: 0.0 ‚ùå
–¢–µ–ø–µ—Ä—å –≤–∞—à –±–∞–ª–∞–Ω—Å —Ä–∞–≤–µ–Ω: 147.9
INFO 11/04/2022 18:23:19 - ID:401633059, –ê—Ä—Ç—ë–º(p_arti_a), –í—ã–ø–∞–ª–æ —á–∏—Å–ª–æ -6
–í—ã –ø—Ä–æ–∏–≥—Ä–∞–ª–∏: 0.0 ‚ùå
–¢–µ–ø–µ—Ä—å –≤–∞—à –±–∞–ª–∞–Ω—Å —Ä–∞–≤–µ–Ω: 147.9
INFO 11/04/2022 18:23:21 - ID:401633059, –ê—Ä—Ç—ë–º(p_arti_a), –í—ã–ø–∞–ª–æ —á–∏—Å–ª–æ -6
–í—ã –ø—Ä–æ–∏–≥—Ä–∞–ª–∏: 0.0 ‚ùå
–¢–µ–ø–µ—Ä—å –≤–∞—à –±–∞–ª–∞–Ω—Å —Ä–∞–≤–µ–Ω: 147.9
INFO 11/04/2022 18:23:22 - ID:401633059, –ê—Ä—Ç—ë–º(p_arti_a), –í—ã–ø–∞–ª–æ —á–∏—Å–ª–æ -6
–í—ã –ø—Ä–æ–∏–≥—Ä–∞–ª–∏: 0.0 ‚ùå
–¢–µ–ø–µ—Ä—å –≤–∞—à –±–∞–ª–∞–Ω—Å —Ä–∞–≤–µ–Ω: 147.9
INFO 11/04/2022 18:23:24 - ID:401633059, –ê—Ä—Ç—ë–º(p_arti_a), –í—ã–ø–∞–ª–æ —á–∏—Å–ª–æ -6
–í—ã –ø—Ä–æ–∏–≥—Ä–∞–ª–∏: 0.0 ‚ùå
–¢–µ–ø–µ—Ä—å –≤–∞—à –±–∞–ª–∞–Ω—Å —Ä–∞–≤–µ–Ω: 147.9
INFO 11/04/2022 18:23:28 - ID:401633059, –ê—Ä—Ç—ë–º(p_arti_a), –í—ã–ø–∞–ª–æ —á–∏—Å–ª–æ -6
–í—ã –ø—Ä–æ–∏–≥—Ä–∞–ª–∏: 0.0 ‚ùå
–¢–µ–ø–µ—Ä—å –≤–∞—à –±–∞–ª–∞–Ω—Å —Ä–∞–≤–µ–Ω: 147.9
INFO 11/04/2022 18:23:31 - ID:401633059, –ê—Ä—Ç—ë–º(p_arti_a), –í—ã–ø–∞–ª–æ —á–∏—Å–ª–æ -6
–í—ã –ø—Ä–æ–∏–≥—Ä–∞–ª–∏: 0.0 ‚ùå
–¢–µ–ø–µ—Ä—å –≤–∞—à –±–∞–ª–∞–Ω—Å —Ä–∞–≤–µ–Ω: 147.9
INFO 11/04/2022 18:23:35 - ID:401633059, –ê—Ä—Ç—ë–º(p_arti_a), –í—ã–ø–∞–ª–æ —á–∏—Å–ª–æ -6
–í—ã –ø—Ä–æ–∏–≥—Ä–∞–ª–∏: 0.0 ‚ùå
–¢–µ–ø–µ—Ä—å –≤–∞—à –±–∞–ª–∞–Ω—Å —Ä–∞–≤–µ–Ω: 147.9
INFO 11/04/2022 18:23:37 - ID:401633059, –ê—Ä—Ç—ë–º(p_arti_a), –í—ã–ø–∞–ª–æ —á–∏—Å–ª–æ -6
–í—ã –ø—Ä–æ–∏–≥—Ä–∞–ª–∏: 0.0 ‚ùå
–¢–µ–ø–µ—Ä—å –≤–∞—à –±–∞–ª–∞–Ω—Å —Ä–∞–≤–µ–Ω: 147.9
INFO 11/04/2022 18:23:38 - ID:401633059, –ê—Ä—Ç—ë–º(p_arti_a), –í—ã–ø–∞–ª–æ —á–∏—Å–ª–æ -6
–í—ã –ø—Ä–æ–∏–≥—Ä–∞–ª–∏: 0.0 ‚ùå
–¢–µ–ø–µ—Ä—å –≤–∞—à –±–∞–ª–∞–Ω—Å —Ä–∞–≤–µ–Ω: 147.9
INFO 11/04/2022 18:23:40 - ID:401633059, –ê—Ä—Ç—ë–º(p_arti_a), –í—ã–ø–∞–ª–æ —á–∏—Å–ª–æ -6
–í—ã –ø—Ä–æ–∏–≥—Ä–∞–ª–∏: 0.0 ‚ùå
–¢–µ–ø–µ—Ä—å –≤–∞—à –±–∞–ª–∞–Ω—Å —Ä–∞–≤–µ–Ω: 147.9
INFO 11/04/2022 18:23:43 - ID:401633059, –ê—Ä—Ç—ë–º(p_arti_a), –í—ã–ø–∞–ª–æ —á–∏—Å–ª–æ -6
–í—ã –ø—Ä–æ–∏–≥—Ä–∞–ª–∏: 0.0 ‚ùå
–¢–µ–ø–µ—Ä—å –≤–∞—à –±–∞–ª–∞–Ω—Å —Ä–∞–≤–µ–Ω: 147.9
INFO 11/04/2022 18:23:45 - ID:401633059, –ê—Ä—Ç—ë–º(p_arti_a), –í—ã–ø–∞–ª–æ —á–∏—Å–ª–æ -6
–í—ã –ø—Ä–æ–∏–≥—Ä–∞–ª–∏: 0.0 ‚ùå
–¢–µ–ø–µ—Ä—å –≤–∞—à –±–∞–ª–∞–Ω—Å —Ä–∞–≤–µ–Ω: 147.9
INFO 11/04/2022 18:23:49 - ID:401633059, –ê—Ä—Ç—ë–º(p_arti_a), –í—ã–ø–∞–ª–æ —á–∏—Å–ª–æ -6
–í—ã –ø—Ä–æ–∏–≥—Ä–∞–ª–∏: 0.0 ‚ùå
–¢–µ–ø–µ—Ä—å –≤–∞—à –±–∞–ª–∞–Ω—Å —Ä–∞–≤–µ–Ω: 147.9
INFO 11/04/2022 18:23:51 - ID:401633059, –ê—Ä—Ç—ë–º(p_arti_a), –í—ã–ø–∞–ª–æ —á–∏—Å–ª–æ -6
–í—ã –ø—Ä–æ–∏–≥—Ä–∞–ª–∏: 0.0 ‚ùå
–¢–µ–ø–µ—Ä—å –≤–∞—à –±–∞–ª–∞–Ω—Å —Ä–∞–≤–µ–Ω: 147.9
INFO 11/04/2022 18:23:58 - ID:401633059, –ê—Ä—Ç—ë–º(p_arti_a), –í—ã–ø–∞–ª–æ —á–∏—Å–ª–æ -6
–í—ã –ø—Ä–æ–∏–≥—Ä–∞–ª–∏: 0.0 ‚ùå
–¢–µ–ø–µ—Ä—å –≤–∞—à –±–∞–ª–∞–Ω—Å —Ä–∞–≤–µ–Ω: 147.9
INFO 11/04/2022 18:23:58 - ID:401633059, –ê—Ä—Ç—ë–º(p_arti_a), –≤—ã–≤–µ–ª –Ω–∞ —ç–∫—Ä–∞–Ω: –í–∞—à –±–∞–ª–∞–Ω—Å = 0!
INFO 11/04/2022 18:23:58 - ID:401633059, –ê—Ä—Ç—ë–º(p_arti_a), –≤—ã–≤–µ–ª –Ω–∞ —ç–∫—Ä–∞–Ω: –ù–∞ –≤–∞—à–µ–º —Å—á–µ—Ç—É –Ω–µ–¥–æ—Å—Ç–∞—Ç–æ—á–Ω–æ —Å—Ä–µ–¥—Å—Ç–≤!
INFO 11/04/2022 18:23:59 - ID:401633059, –ê—Ä—Ç—ë–º(p_arti_a), –∏—Å–ø. –∫–æ–º–∞–Ω–¥—É: partia;1234
INFO 11/04/2022 18:24:04 - ID:401633059, –ê—Ä—Ç—ë–º(p_arti_a), –Ω–∞–ø–∏—Å–∞–ª: –°–∞–º–æ–¥–µ–ª—å–Ω–æ–µ –∫–∞–∑–∏–Ω–æ!
INFO 11/04/2022 18:24:05 - ID:401633059, –ê—Ä—Ç—ë–º(p_arti_a), –Ω–∞–ø–∏—Å–∞–ª: –í—Ö–æ–¥
INFO 11/04/2022 18:24:05 - ID:401633059, –ê—Ä—Ç—ë–º(p_arti_a), –≤—ã–≤–µ–ª –Ω–∞ —ç–∫—Ä–∞–Ω: –ê–≤—Ç–æ—Ä–∏–∑–∞—Ü–∏—è!
–í–≤–µ–¥–∏—Ç–µ –¥–∞–Ω–Ω—ã–µ.
–õ–æ–≥–∏–Ω;–ü–∞—Ä–æ–ª—å
INFO 11/04/2022 18:24:15 - ID:401633059, –ê—Ä—Ç—ë–º(p_arti_a), –Ω–∞–ø–∏—Å–∞–ª: partia;1234
INFO 11/04/2022 18:24:15 - ID:401633059, –ê—Ä—Ç—ë–º(p_arti_a), –≤—ã–≤–µ–ª –Ω–∞ —ç–∫—Ä–∞–Ω: –í—ã —É—Å–ø–µ—à–Ω–æ –∞–≤—Ç–æ—Ä–∏–∑–∏—Ä–æ–≤–∞–ª–∏—Å—å partia
INFO 11/04/2022 18:24:15 - ID:401633059, –ê—Ä—Ç—ë–º(p_arti_a), –≤—ã–≤–µ–ª –Ω–∞ —ç–∫—Ä–∞–Ω: 
–í –∫–∞–∫—É—é –∏–≥—Ä—É —Å—ã–≥—Ä–∞–µ–º?
1. –†–∞–Ω–¥–æ–ú–∏—Ç
2. –û–¥–Ω–æ—Ä—É–∫–∏–π –ë–∞–Ω–¥–∏—Ç
3. –†—É–ª–µ—Ç–∫–∞
INFO 11/04/2022 18:24:17 - ID:401633059, –ê—Ä—Ç—ë–º(p_arti_a), –Ω–∞–ø–∏—Å–∞–ª: üé± –†–∞–Ω–¥–æ–ú–∏—Ç
INFO 11/04/2022 18:24:17 - ID:401633059, –ê—Ä—Ç—ë–º(p_arti_a), –≤—ã–≤–µ–ª –Ω–∞ —ç–∫—Ä–∞–Ω: –ó–∞–ø—É—Å–∫–∞–µ–º –†–∞–Ω–¥–æ–ú–∏—Ç
INFO 11/04/2022 18:24:17 - ID:401633059, –ê—Ä—Ç—ë–º(p_arti_a), –≤—ã–≤–µ–ª –Ω–∞ —ç–∫—Ä–∞–Ω: –ù–∞ –≤–∞—à–µ–º —Å—á–µ—Ç—É –Ω–µ–¥–æ—Å—Ç–∞—Ç–æ—á–Ω–æ —Å—Ä–µ–¥—Å—Ç–≤!
INFO 11/04/2022 18:24:17 - ID:401633059, –ê—Ä—Ç—ë–º(p_arti_a), –∏—Å–ø. –∫–æ–º–∞–Ω–¥—É: partia;1234
